10/11/2023 01:05:50: INFO: utilities.custom_Logger ******************** Test Case 002 AddCustomer *************
10/11/2023 01:05:50: INFO: utilities.custom_Logger **************** Test Case 001 Login ******************
10/11/2023 01:05:50: INFO: utilities.custom_Logger **************** Test Case 001 Login ******************
10/11/2023 01:05:50: INFO: utilities.custom_Logger ************** Test 003 Search Customer *****************
10/11/2023 01:05:50: INFO: utilities.custom_Logger ************** Test 003 Search Customer *****************
10/11/2023 01:05:50: INFO: utilities.custom_Logger ************** Test 003 Search Customer *****************
10/11/2023 01:05:54: INFO: utilities.custom_Logger *************** test case add customer with entering all fields is --started ***************
10/11/2023 01:05:54: INFO: utilities.custom_Logger *************** test case add customer with entering all fields is --started ***************
10/11/2023 01:05:54: INFO: utilities.custom_Logger *************** test case add customer with entering all fields is --started ***************
10/11/2023 01:06:10: INFO: utilities.custom_Logger *************** test case add customer with entering all fields is Passed ***************
10/11/2023 01:06:10: INFO: utilities.custom_Logger *************** test case add customer with entering all fields is Passed ***************
10/11/2023 01:06:10: INFO: utilities.custom_Logger *************** test case add customer with entering all fields is Passed ***************
10/11/2023 01:06:23: INFO: utilities.custom_Logger *************** test case add customer without entering any fields is --started ***************
10/11/2023 01:06:23: INFO: utilities.custom_Logger *************** test case add customer without entering any fields is --started ***************
10/11/2023 01:06:23: INFO: utilities.custom_Logger *************** test case add customer without entering any fields is --started ***************
10/11/2023 01:06:42: INFO: utilities.custom_Logger *************** test case add customer without entering any fields is Passed ***************
10/11/2023 01:06:42: INFO: utilities.custom_Logger *************** test case add customer without entering any fields is Passed ***************
10/11/2023 01:06:42: INFO: utilities.custom_Logger *************** test case add customer without entering any fields is Passed ***************
10/11/2023 01:06:51: INFO: utilities.custom_Logger ************* login with valid credentials ---started **************
10/11/2023 01:06:51: INFO: utilities.custom_Logger ************* login with valid credentials ---started **************
10/11/2023 01:06:51: INFO: utilities.custom_Logger ************* login with valid credentials ---started **************
10/11/2023 01:07:00: INFO: utilities.custom_Logger ********** login with valid credentials test case is passed ************
10/11/2023 01:07:00: INFO: utilities.custom_Logger ********** login with valid credentials test case is passed ************
10/11/2023 01:07:00: INFO: utilities.custom_Logger ********** login with valid credentials test case is passed ************
10/11/2023 01:07:13: INFO: utilities.custom_Logger **************** login with invalid credentials -----started ******************
10/11/2023 01:07:13: INFO: utilities.custom_Logger **************** login with invalid credentials -----started ******************
10/11/2023 01:07:13: INFO: utilities.custom_Logger **************** login with invalid credentials -----started ******************
10/11/2023 01:07:17: INFO: utilities.custom_Logger *************** login with invalid credentials test case is passed ****************
10/11/2023 01:07:17: INFO: utilities.custom_Logger *************** login with invalid credentials test case is passed ****************
10/11/2023 01:07:17: INFO: utilities.custom_Logger *************** login with invalid credentials test case is passed ****************
10/11/2023 01:07:26: INFO: utilities.custom_Logger ************** test search customer by email id --started *****************
10/11/2023 01:07:26: INFO: utilities.custom_Logger ************** test search customer by email id --started *****************
10/11/2023 01:07:26: INFO: utilities.custom_Logger ************** test search customer by email id --started *****************
10/11/2023 01:16:37: INFO: utilities.custom_Logger ************** Test 003 Search Customer *****************
10/11/2023 01:16:39: INFO: utilities.custom_Logger ************** test search customer by email id --started *****************
10/11/2023 01:19:26: INFO: utilities.custom_Logger ************** test search customer by email id Failed *****************
